<?xml version="1.0" encoding="UTF-8"?>
<testng-results skipped="0" failed="1" ignored="6" total="7" passed="0">
  <reporter-output>
  </reporter-output>
  <suite name="Suite" duration-ms="115090" started-at="2022-04-11T15:53:50 IST" finished-at="2022-04-11T15:55:45 IST">
    <groups>
    </groups>
    <test name="DivideBuy Test Automation CRM" duration-ms="137" started-at="2022-04-11T15:53:50 IST" finished-at="2022-04-11T15:53:50 IST">
      <class name="main.java.Test.CRMTestClass">
        <test-method status="PASS" signature="Report()[pri:0, instance:main.java.Test.CRMTestClass@401e7803]" name="Report" is-config="true" duration-ms="127" started-at="2022-04-11T15:53:50 IST" finished-at="2022-04-11T15:53:50 IST">
          <reporter-output>
          </reporter-output>
        </test-method> <!-- Report -->
        <test-method status="PASS" signature="flushReport()[pri:0, instance:main.java.Test.CRMTestClass@401e7803]" name="flushReport" is-config="true" duration-ms="1" started-at="2022-04-11T15:53:50 IST" finished-at="2022-04-11T15:53:50 IST">
          <reporter-output>
          </reporter-output>
        </test-method> <!-- flushReport -->
      </class> <!-- main.java.Test.CRMTestClass -->
    </test> <!-- DivideBuy Test Automation CRM -->
    <test name="DivideBuy Test Automation Portal" duration-ms="9" started-at="2022-04-11T15:53:50 IST" finished-at="2022-04-11T15:53:50 IST">
      <class name="main.java.Test.PortalTestClass">
        <test-method status="PASS" signature="Report()[pri:0, instance:main.java.Test.PortalTestClass@543788f3]" name="Report" is-config="true" duration-ms="2" started-at="2022-04-11T15:53:50 IST" finished-at="2022-04-11T15:53:50 IST">
          <reporter-output>
          </reporter-output>
        </test-method> <!-- Report -->
        <test-method status="PASS" signature="flushReport()[pri:0, instance:main.java.Test.PortalTestClass@543788f3]" name="flushReport" is-config="true" duration-ms="0" started-at="2022-04-11T15:53:50 IST" finished-at="2022-04-11T15:53:50 IST">
          <reporter-output>
          </reporter-output>
        </test-method> <!-- flushReport -->
      </class> <!-- main.java.Test.PortalTestClass -->
    </test> <!-- DivideBuy Test Automation Portal -->
    <test name="DivideBuy Test Automation RCAdmin" duration-ms="5" started-at="2022-04-11T15:53:50 IST" finished-at="2022-04-11T15:53:50 IST">
      <class name="main.java.Test.RCAdminTestClass">
        <test-method status="PASS" signature="Report()[pri:0, instance:main.java.Test.RCAdminTestClass@71623278]" name="Report" is-config="true" duration-ms="3" started-at="2022-04-11T15:53:50 IST" finished-at="2022-04-11T15:53:50 IST">
          <reporter-output>
          </reporter-output>
        </test-method> <!-- Report -->
        <test-method status="PASS" signature="flushReport()[pri:0, instance:main.java.Test.RCAdminTestClass@71623278]" name="flushReport" is-config="true" duration-ms="0" started-at="2022-04-11T15:53:50 IST" finished-at="2022-04-11T15:53:50 IST">
          <reporter-output>
          </reporter-output>
        </test-method> <!-- flushReport -->
      </class> <!-- main.java.Test.RCAdminTestClass -->
    </test> <!-- DivideBuy Test Automation RCAdmin -->
    <test name="DivideBuy Test Automation Checkout" duration-ms="114866" started-at="2022-04-11T15:53:50 IST" finished-at="2022-04-11T15:55:45 IST">
      <class name="main.java.Test.V5CheckoutTestClass">
        <test-method status="PASS" signature="Report()[pri:0, instance:main.java.Test.V5CheckoutTestClass@134593bf]" name="Report" is-config="true" duration-ms="3" started-at="2022-04-11T15:53:50 IST" finished-at="2022-04-11T15:53:50 IST">
          <reporter-output>
          </reporter-output>
        </test-method> <!-- Report -->
        <test-method status="PASS" signature="initializeBrowser(java.lang.String,java.lang.String,java.lang.reflect.Method)[pri:0, instance:main.java.Test.V5CheckoutTestClass@134593bf]" name="initializeBrowser" is-config="true" duration-ms="3998" started-at="2022-04-11T15:53:50 IST" finished-at="2022-04-11T15:53:54 IST">
          <params>
            <param index="0">
              <value>
                <![CDATA[chrome]]>
              </value>
            </param>
            <param index="1">
              <value>
                <![CDATA[https://cleanmagento1qa.dbuytest.info/]]>
              </value>
            </param>
            <param index="2">
              <value>
                <![CDATA[public void main.java.Test.V5CheckoutTestClass.Checkout() throws java.lang.ClassNotFoundException,java.sql.SQLException,java.lang.InterruptedException]]>
              </value>
            </param>
          </params>
          <reporter-output>
          </reporter-output>
        </test-method> <!-- initializeBrowser -->
        <test-method status="FAIL" signature="Checkout()[pri:0, instance:main.java.Test.V5CheckoutTestClass@134593bf]" name="Checkout" duration-ms="109295" started-at="2022-04-11T15:53:54 IST" finished-at="2022-04-11T15:55:44 IST">
          <exception class="org.openqa.selenium.NoSuchElementException">
            <message>
              <![CDATA[no such element: Unable to locate element: {"method":"xpath","selector":"//button[normalize-space()='Agree And Pay']"}
  (Session info: chrome=100.0.4896.75)
For documentation on this error, please visit: https://selenium.dev/exceptions/#no_such_element
Build info: version: '4.0.0', revision: '3a21814679'
System info: host: 'CIPL-LPT-1080', ip: '192.168.255.240', os.name: 'Windows 10', os.arch: 'amd64', os.version: '10.0', java.version: '1.8.0_281'
Driver info: org.openqa.selenium.chrome.ChromeDriver
Command: [089c01aab2114b2e2ae497deaea16a1b, findElement {using=xpath, value=//button[normalize-space()='Agree And Pay']}]
Capabilities {acceptInsecureCerts: true, browserName: chrome, browserVersion: 100.0.4896.75, chrome: {chromedriverVersion: 100.0.4896.60 (6a5d10861ce8..., userDataDir: C:\Users\SUMIT~1.SON\AppDat...}, goog:chromeOptions: {debuggerAddress: localhost:65307}, javascriptEnabled: true, networkConnectionEnabled: false, pageLoadStrategy: normal, platform: WINDOWS, platformName: WINDOWS, proxy: Proxy(), se:cdp: ws://localhost:65307/devtoo..., se:cdpVersion: 100.0.4896.75, setWindowRect: true, strictFileInteractability: false, timeouts: {implicit: 0, pageLoad: 300000, script: 30000}, unhandledPromptBehavior: dismiss and notify, webauthn:extension:credBlob: true, webauthn:extension:largeBlob: true, webauthn:virtualAuthenticators: true}
Session ID: 089c01aab2114b2e2ae497deaea16a1b]]>
            </message>
            <full-stacktrace>
              <![CDATA[org.openqa.selenium.NoSuchElementException: no such element: Unable to locate element: {"method":"xpath","selector":"//button[normalize-space()='Agree And Pay']"}
  (Session info: chrome=100.0.4896.75)
For documentation on this error, please visit: https://selenium.dev/exceptions/#no_such_element
Build info: version: '4.0.0', revision: '3a21814679'
System info: host: 'CIPL-LPT-1080', ip: '192.168.255.240', os.name: 'Windows 10', os.arch: 'amd64', os.version: '10.0', java.version: '1.8.0_281'
Driver info: org.openqa.selenium.chrome.ChromeDriver
Command: [089c01aab2114b2e2ae497deaea16a1b, findElement {using=xpath, value=//button[normalize-space()='Agree And Pay']}]
Capabilities {acceptInsecureCerts: true, browserName: chrome, browserVersion: 100.0.4896.75, chrome: {chromedriverVersion: 100.0.4896.60 (6a5d10861ce8..., userDataDir: C:\Users\SUMIT~1.SON\AppDat...}, goog:chromeOptions: {debuggerAddress: localhost:65307}, javascriptEnabled: true, networkConnectionEnabled: false, pageLoadStrategy: normal, platform: WINDOWS, platformName: WINDOWS, proxy: Proxy(), se:cdp: ws://localhost:65307/devtoo..., se:cdpVersion: 100.0.4896.75, setWindowRect: true, strictFileInteractability: false, timeouts: {implicit: 0, pageLoad: 300000, script: 30000}, unhandledPromptBehavior: dismiss and notify, webauthn:extension:credBlob: true, webauthn:extension:largeBlob: true, webauthn:virtualAuthenticators: true}
Session ID: 089c01aab2114b2e2ae497deaea16a1b
at sun.reflect.NativeConstructorAccessorImpl.newInstance0(Native Method)
at sun.reflect.NativeConstructorAccessorImpl.newInstance(NativeConstructorAccessorImpl.java:62)
at sun.reflect.DelegatingConstructorAccessorImpl.newInstance(DelegatingConstructorAccessorImpl.java:45)
at java.lang.reflect.Constructor.newInstance(Constructor.java:423)
at org.openqa.selenium.remote.codec.w3c.W3CHttpResponseCodec.createException(W3CHttpResponseCodec.java:200)
at org.openqa.selenium.remote.codec.w3c.W3CHttpResponseCodec.decode(W3CHttpResponseCodec.java:133)
at org.openqa.selenium.remote.codec.w3c.W3CHttpResponseCodec.decode(W3CHttpResponseCodec.java:53)
at org.openqa.selenium.remote.HttpCommandExecutor.execute(HttpCommandExecutor.java:184)
at org.openqa.selenium.remote.service.DriverCommandExecutor.invokeExecute(DriverCommandExecutor.java:164)
at org.openqa.selenium.remote.service.DriverCommandExecutor.execute(DriverCommandExecutor.java:139)
at org.openqa.selenium.remote.RemoteWebDriver.execute(RemoteWebDriver.java:559)
at org.openqa.selenium.remote.ElementLocation$ElementFinder$2.findElement(ElementLocation.java:162)
at org.openqa.selenium.remote.ElementLocation.findElement(ElementLocation.java:60)
at org.openqa.selenium.remote.RemoteWebDriver.findElement(RemoteWebDriver.java:383)
at org.openqa.selenium.remote.RemoteWebDriver.findElement(RemoteWebDriver.java:375)
at main.java.pages.V5Checkout.clickonAgreePay(V5Checkout.java:145)
at main.java.Test.V5CheckoutTestClass.Checkout(V5CheckoutTestClass.java:39)
at sun.reflect.NativeMethodAccessorImpl.invoke0(Native Method)
at sun.reflect.NativeMethodAccessorImpl.invoke(NativeMethodAccessorImpl.java:62)
at sun.reflect.DelegatingMethodAccessorImpl.invoke(DelegatingMethodAccessorImpl.java:43)
at java.lang.reflect.Method.invoke(Method.java:498)
at org.testng.internal.MethodInvocationHelper.invokeMethod(MethodInvocationHelper.java:133)
at org.testng.internal.TestInvoker.invokeMethod(TestInvoker.java:598)
at org.testng.internal.TestInvoker.invokeTestMethod(TestInvoker.java:173)
at org.testng.internal.MethodRunner.runInSequence(MethodRunner.java:46)
at org.testng.internal.TestInvoker$MethodInvocationAgent.invoke(TestInvoker.java:824)
at org.testng.internal.TestInvoker.invokeTestMethods(TestInvoker.java:146)
at org.testng.internal.TestMethodWorker.invokeTestMethods(TestMethodWorker.java:146)
at org.testng.internal.TestMethodWorker.run(TestMethodWorker.java:128)
at java.util.ArrayList.forEach(ArrayList.java:1259)
at org.testng.TestRunner.privateRun(TestRunner.java:794)
at org.testng.TestRunner.run(TestRunner.java:596)
at org.testng.SuiteRunner.runTest(SuiteRunner.java:377)
at org.testng.SuiteRunner.runSequentially(SuiteRunner.java:371)
at org.testng.SuiteRunner.privateRun(SuiteRunner.java:332)
at org.testng.SuiteRunner.run(SuiteRunner.java:276)
at org.testng.SuiteRunnerWorker.runSuite(SuiteRunnerWorker.java:53)
at org.testng.SuiteRunnerWorker.run(SuiteRunnerWorker.java:96)
at org.testng.TestNG.runSuitesSequentially(TestNG.java:1212)
at org.testng.TestNG.runSuitesLocally(TestNG.java:1134)
at org.testng.TestNG.runSuites(TestNG.java:1063)
at org.testng.TestNG.run(TestNG.java:1031)
at org.testng.remote.AbstractRemoteTestNG.run(AbstractRemoteTestNG.java:115)
at org.testng.remote.RemoteTestNG.initAndRun(RemoteTestNG.java:251)
at org.testng.remote.RemoteTestNG.main(RemoteTestNG.java:77)
]]>
            </full-stacktrace>
          </exception> <!-- org.openqa.selenium.NoSuchElementException -->
          <reporter-output>
          </reporter-output>
        </test-method> <!-- Checkout -->
        <test-method status="PASS" signature="driverQuit(org.testng.ITestResult)[pri:0, instance:main.java.Test.V5CheckoutTestClass@134593bf]" name="driverQuit" is-config="true" duration-ms="971" started-at="2022-04-11T15:55:44 IST" finished-at="2022-04-11T15:55:45 IST">
          <params>
            <param index="0">
              <value>
                <![CDATA[[TestResult name=Checkout status=FAILURE method=V5CheckoutTestClass.Checkout()[pri:0, instance:main.java.Test.V5CheckoutTestClass@134593bf] output={null}]]]>
              </value>
            </param>
          </params>
          <reporter-output>
          </reporter-output>
        </test-method> <!-- driverQuit -->
        <test-method status="PASS" signature="flushReport()[pri:0, instance:main.java.Test.V5CheckoutTestClass@134593bf]" name="flushReport" is-config="true" duration-ms="403" started-at="2022-04-11T15:55:45 IST" finished-at="2022-04-11T15:55:45 IST">
          <reporter-output>
          </reporter-output>
        </test-method> <!-- flushReport -->
      </class> <!-- main.java.Test.V5CheckoutTestClass -->
    </test> <!-- DivideBuy Test Automation Checkout -->
    <test name="DivideBuy Test Automation Account" duration-ms="8" started-at="2022-04-11T15:55:45 IST" finished-at="2022-04-11T15:55:45 IST">
      <class name="main.java.Test.AccountTest">
        <test-method status="PASS" signature="Report()[pri:0, instance:main.java.Test.AccountTest@5fcd892a]" name="Report" is-config="true" duration-ms="6" started-at="2022-04-11T15:55:45 IST" finished-at="2022-04-11T15:55:45 IST">
          <reporter-output>
          </reporter-output>
        </test-method> <!-- Report -->
        <test-method status="PASS" signature="flushReport()[pri:0, instance:main.java.Test.AccountTest@5fcd892a]" name="flushReport" is-config="true" duration-ms="0" started-at="2022-04-11T15:55:45 IST" finished-at="2022-04-11T15:55:45 IST">
          <reporter-output>
          </reporter-output>
        </test-method> <!-- flushReport -->
      </class> <!-- main.java.Test.AccountTest -->
    </test> <!-- DivideBuy Test Automation Account -->
  </suite> <!-- Suite -->
</testng-results>
